<?xml version="1.0" encoding="utf-8"?><testsuites name="pytest tests"><testsuite name="pytest" errors="0" failures="0" skipped="0" tests="6" time="1.753" timestamp="2026-09-04T09:02:16.020472+00:00" hostname="agent-env-d5c6a06c-f98a-43ff-ad09-2809d52df961"><testcase classname="tests.test_core_api" name="test_api_root_returns_hello_world_payload" time="0.225" /><testcase classname="tests.test_contact_api.TestContactAPI" name="test_contact_create_returns_201_without_mongo_id" time="0.260" /><testcase classname="tests.test_core_api" name="test_status_create_then_list_contains_created_record" time="0.227" /><testcase classname="tests.test_contact_api.TestContactAPI" name="test_contact_invalid_payload_returns_422[payload0]" time="0.163" /><testcase classname="tests.test_contact_api.TestContactAPI" name="test_contact_invalid_payload_returns_422[payload1]" time="0.107" /><testcase classname="tests.test_contact_api.TestContactAPI" name="test_contact_submission_persists_required_fields" time="0.205" /></testsuite></testsuites>